2022-12-08 11:25:25,497 [INFO] Activator:177 - 


2022-12-08 11:25:25,497 [INFO] Activator:178 - !SESSION log4j initialized
2022-12-08 11:26:54,531 [INFO] Activator:177 - 


2022-12-08 11:26:54,538 [INFO] Activator:178 - !SESSION log4j initialized
2022-12-08 11:27:22,965 [INFO] McuFinderGlobals:44 - Set McuFinder mode to 2 (CubeIDE integrated)
2022-12-08 11:27:23,031 [ERROR] LogOutputStream:74 - [STDERR_REDIRECT] SLF4J: Failed to load class "org.slf4j.impl.StaticLoggerBinder".
2022-12-08 11:27:23,031 [ERROR] LogOutputStream:74 - [STDERR_REDIRECT] SLF4J: Defaulting to no-operation (NOP) logger implementation
2022-12-08 11:27:23,072 [ERROR] LogOutputStream:74 - [STDERR_REDIRECT] SLF4J: See http://www.slf4j.org/codes.html#StaticLoggerBinder for further details.
2022-12-08 11:27:24,318 [INFO] ApplicationProperties:181 - Using Application install path: C:\ST\STM32CubeIDE_1.9.0\STM32CubeIDE\plugins\com.st.stm32cube.common.mx_6.6.1.202207061420
2022-12-08 11:27:24,346 [INFO] DbMcusXml:77 - Set database path to: C:\ST\STM32CubeIDE_1.9.0\STM32CubeIDE\plugins\com.st.stm32cube.common.mx_6.6.1.202207061420\\db\/mcu/
2022-12-08 11:27:24,346 [INFO] ApiDb:269 - Set plugin database path to: C:\ST\STM32CubeIDE_1.9.0\STM32CubeIDE\plugins\com.st.stm32cube.common.mx_6.6.1.202207061420\\db\/plugins/boardmanager/
2022-12-08 11:27:24,350 [WARN] ApiDb:254 - Overriding images path with different value:  => C:\ST\STM32CubeIDE_1.9.0\STM32CubeIDE\plugins\com.st.stm32cube.common.mx_6.6.1.202207061420\\db\/plugins/mcufinder/images/
2022-12-08 11:27:24,366 [INFO] ApiDb:249 - Set database path to: C:\Users\anana\.stmcufinder\plugins\mcufinder//mcu/
2022-12-08 11:27:24,372 [INFO] DbMcusAds:124 - Set database path to: C:\Users\anana\.stmcufinder\plugins\mcufinder//mcu/
2022-12-08 11:27:24,390 [INFO] CrossReferenceDbSqlite:201 - Set database path to: C:\Users\anana\.stmcufinder\plugins\mcufinder//mcu/cs/
2022-12-08 11:27:24,514 [INFO] RulesReader:61 - Compatibility file has been processed (282 Rules)
2022-12-08 11:27:24,643 [INFO] DbMcusXml:77 - Set database path to: C:\ST\STM32CubeIDE_1.9.0\STM32CubeIDE\plugins\com.st.stm32cube.common.mx_6.6.1.202207061420\\db\/mcu/
2022-12-08 11:27:24,643 [INFO] ApiDb:269 - Set plugin database path to: C:\ST\STM32CubeIDE_1.9.0\STM32CubeIDE\plugins\com.st.stm32cube.common.mx_6.6.1.202207061420\\db\/plugins/boardmanager/
2022-12-08 11:27:24,646 [INFO] ApiDb:256 - Set plugin images path to: C:\ST\STM32CubeIDE_1.9.0\STM32CubeIDE\plugins\com.st.stm32cube.common.mx_6.6.1.202207061420\\db\/plugins/mcufinder/images/
2022-12-08 11:27:24,646 [WARN] DbFile:40 - Overriding database path with different value: C:\Users\anana\.stmcufinder\plugins\mcufinder/ => C:\Users\anana\.stmcufinder\plugins\mcufinder
2022-12-08 11:27:24,646 [INFO] ApiDb:249 - Set database path to: C:\Users\anana\.stmcufinder\plugins\mcufinder//mcu/
2022-12-08 11:27:24,646 [WARN] DbFile:40 - Overriding database path with different value: C:\Users\anana\.stmcufinder\plugins\mcufinder/ => C:\Users\anana\.stmcufinder\plugins\mcufinder
2022-12-08 11:27:24,646 [INFO] DbMcusAds:124 - Set database path to: C:\Users\anana\.stmcufinder\plugins\mcufinder//mcu/
2022-12-08 11:27:24,646 [WARN] DbFile:40 - Overriding database path with different value: C:\Users\anana\.stmcufinder\plugins\mcufinder/ => C:\Users\anana\.stmcufinder\plugins\mcufinder
2022-12-08 11:27:24,646 [WARN] DbFile:40 - Overriding database path with different value: C:\Users\anana\.stmcufinder\plugins\mcufinder/ => C:\Users\anana\.stmcufinder\plugins\mcufinder
2022-12-08 11:27:24,646 [INFO] CrossReferenceDbSqlite:201 - Set database path to: C:\Users\anana\.stmcufinder\plugins\mcufinder//mcu/cs/
2022-12-08 11:27:24,745 [INFO] MainPanel:242 - HeapMemory: 343932928
2022-12-08 11:27:24,851 [INFO] DbMcusXml:77 - Set database path to: C:\ST\STM32CubeIDE_1.9.0\STM32CubeIDE\plugins\com.st.stm32cube.common.mx_6.6.1.202207061420\\db\/mcu/
2022-12-08 11:27:24,851 [INFO] ApiDb:269 - Set plugin database path to: C:\ST\STM32CubeIDE_1.9.0\STM32CubeIDE\plugins\com.st.stm32cube.common.mx_6.6.1.202207061420\\db\/plugins/boardmanager/
2022-12-08 11:27:24,851 [INFO] ApiDb:256 - Set plugin images path to: C:\ST\STM32CubeIDE_1.9.0\STM32CubeIDE\plugins\com.st.stm32cube.common.mx_6.6.1.202207061420\\db\/plugins/mcufinder/images/
2022-12-08 11:27:24,851 [WARN] DbFile:40 - Overriding database path with different value: C:\Users\anana\.stmcufinder\plugins\mcufinder/ => C:\Users\anana\.stmcufinder\plugins\mcufinder
2022-12-08 11:27:24,851 [INFO] ApiDb:249 - Set database path to: C:\Users\anana\.stmcufinder\plugins\mcufinder//mcu/
2022-12-08 11:27:24,851 [WARN] DbFile:40 - Overriding database path with different value: C:\Users\anana\.stmcufinder\plugins\mcufinder/ => C:\Users\anana\.stmcufinder\plugins\mcufinder
2022-12-08 11:27:24,851 [INFO] DbMcusAds:124 - Set database path to: C:\Users\anana\.stmcufinder\plugins\mcufinder//mcu/
2022-12-08 11:27:24,851 [WARN] DbFile:40 - Overriding database path with different value: C:\Users\anana\.stmcufinder\plugins\mcufinder/ => C:\Users\anana\.stmcufinder\plugins\mcufinder
2022-12-08 11:27:24,851 [WARN] DbFile:40 - Overriding database path with different value: C:\Users\anana\.stmcufinder\plugins\mcufinder/ => C:\Users\anana\.stmcufinder\plugins\mcufinder
2022-12-08 11:27:24,851 [INFO] CrossReferenceDbSqlite:201 - Set database path to: C:\Users\anana\.stmcufinder\plugins\mcufinder//mcu/cs/
2022-12-08 11:27:24,908 [INFO] ApplicationProperties:181 - Using Application install path: C:\ST\STM32CubeIDE_1.9.0\STM32CubeIDE\plugins\com.st.stm32cube.common.mx_6.6.1.202207061420
2022-12-08 11:27:24,908 [INFO] PluginManage:193 - Search for loadable plugins [exclusion list=, ]
2022-12-08 11:27:24,908 [INFO] PluginManage:307 - Check plugin analytics
2022-12-08 11:27:25,136 [INFO] AnalyticsPlugin:262 - Accepted Software Licenses: 
2022-12-08 11:27:25,138 [INFO] AnalyticsPlugin:264 - Accepted CMSIS Pack Licenses: 
2022-12-08 11:27:25,138 [INFO] AnalyticsPlugin:266 - Accepted Firmware Licenses: 
2022-12-08 11:27:25,158 [INFO] PluginManage:356 - Loaded plugin analytics (category:tool,tabindex:-1)
2022-12-08 11:27:25,158 [INFO] PluginManage:307 - Check plugin cadmodel
2022-12-08 11:27:25,160 [INFO] CADModel:65 - Init CAD model plugin
2022-12-08 11:27:25,160 [INFO] PluginManage:356 - Loaded plugin cadmodel (category:power,tabindex:5)
2022-12-08 11:27:25,160 [INFO] PluginManage:307 - Check plugin clock
2022-12-08 11:27:25,175 [INFO] PluginManage:356 - Loaded plugin clock (category:base,tabindex:2)
2022-12-08 11:27:25,175 [INFO] PluginManage:307 - Check plugin ddr
2022-12-08 11:27:25,183 [INFO] PluginManage:356 - Loaded plugin ddr (category:tool,tabindex:6)
2022-12-08 11:27:25,183 [INFO] PluginManage:307 - Check plugin filemanager
2022-12-08 11:27:25,337 [INFO] PluginManage:356 - Loaded plugin filemanager (category:base,tabindex:10)
2022-12-08 11:27:25,337 [INFO] PluginManage:307 - Check plugin ipmanager
2022-12-08 11:27:25,344 [INFO] PluginManage:356 - Loaded plugin ipmanager (category:base,tabindex:5)
2022-12-08 11:27:25,344 [INFO] PluginManage:307 - Check plugin lpbam
2022-12-08 11:27:25,355 [INFO] PluginManage:356 - Loaded plugin lpbam (category:base,tabindex:0)
2022-12-08 11:27:25,355 [INFO] PluginManage:307 - Check plugin pinoutandconfiguration
2022-12-08 11:27:25,364 [INFO] PluginManage:356 - Loaded plugin pinoutandconfiguration (category:base,tabindex:1)
2022-12-08 11:27:25,364 [INFO] PluginManage:307 - Check plugin pinoutconfig
2022-12-08 11:27:25,421 [INFO] PluginManage:356 - Loaded plugin pinoutconfig (category:base,tabindex:0)
2022-12-08 11:27:25,421 [INFO] PluginManage:307 - Check plugin power
2022-12-08 11:27:25,430 [INFO] PluginManage:356 - Loaded plugin power (category:power,tabindex:4)
2022-12-08 11:27:25,430 [INFO] PluginManage:307 - Check plugin projectmanager
2022-12-08 11:27:25,448 [INFO] PluginManage:356 - Loaded plugin projectmanager (category:projectmanager,tabindex:3)
2022-12-08 11:27:25,448 [INFO] PluginManage:307 - Check plugin thirdparty
2022-12-08 11:27:25,604 [WARN] IntegrityCheckThread:82 - waiting for thirdparty lock release [integrity check]
2022-12-08 11:27:25,605 [INFO] PluginManage:356 - Loaded plugin thirdparty (category:base,tabindex:-1)
2022-12-08 11:27:25,605 [INFO] IntegrityCheckThread:84 - entering critical section [integrity check]
2022-12-08 11:27:25,605 [INFO] PluginManage:307 - Check plugin tools
2022-12-08 11:27:25,609 [INFO] PluginManage:356 - Loaded plugin tools (category:base,tabindex:7)
2022-12-08 11:27:25,609 [INFO] ThirdPartyUpdaterWithRetryManager:70 - Updater plugin not ready yet. [1/15]
2022-12-08 11:27:25,609 [INFO] PluginManage:307 - Check plugin tutovideos
2022-12-08 11:27:25,853 [INFO] PluginManage:356 - Loaded plugin tutovideos (category:base,tabindex:-1)
2022-12-08 11:27:25,855 [INFO] PluginManage:307 - Check plugin updater
2022-12-08 11:27:25,879 [INFO] PluginManage:356 - Loaded plugin updater (category:base,tabindex:12)
2022-12-08 11:27:25,881 [INFO] PluginManage:280 - PluginManage : Loaded plugins [15]
2022-12-08 11:27:26,182 [INFO] PinOutPanel:1468 - setPackage(No Configuration,No Configuration)
2022-12-08 11:27:26,261 [INFO] CADModel:98 - CPN selected for project level
2022-12-08 11:27:26,261 [INFO] IPUIPlugin:79 - create IPUIPlugin
2022-12-08 11:27:26,261 [INFO] PluginManager:217 - loadIPPluginJar : add adc
2022-12-08 11:27:26,277 [INFO] IPUIPlugin:79 - create IPUIPlugin
2022-12-08 11:27:26,277 [INFO] PluginManager:217 - loadIPPluginJar : add aes
2022-12-08 11:27:26,277 [INFO] IPUIPlugin:79 - create IPUIPlugin
2022-12-08 11:27:26,277 [INFO] PluginManager:217 - loadIPPluginJar : add can
2022-12-08 11:27:26,277 [INFO] IPUIPlugin:79 - create IPUIPlugin
2022-12-08 11:27:26,277 [INFO] PluginManager:217 - loadIPPluginJar : add comp
2022-12-08 11:27:26,277 [INFO] IPUIPlugin:79 - create IPUIPlugin
2022-12-08 11:27:26,277 [INFO] PluginManager:217 - loadIPPluginJar : add cryp
2022-12-08 11:27:26,292 [INFO] IPUIPlugin:79 - create IPUIPlugin
2022-12-08 11:27:26,292 [INFO] PluginManager:217 - loadIPPluginJar : add dfsdm
2022-12-08 11:27:26,292 [INFO] IPUIPlugin:79 - create IPUIPlugin
2022-12-08 11:27:26,300 [INFO] PluginManager:217 - loadIPPluginJar : add dma
2022-12-08 11:27:26,300 [INFO] IPUIPlugin:79 - create IPUIPlugin
2022-12-08 11:27:26,300 [INFO] PluginManager:217 - loadIPPluginJar : add dma3
2022-12-08 11:27:26,300 [INFO] IPUIPlugin:79 - create IPUIPlugin
2022-12-08 11:27:26,307 [INFO] PluginManager:217 - loadIPPluginJar : add fatfs
2022-12-08 11:27:26,312 [INFO] IPUIPlugin:79 - create IPUIPlugin
2022-12-08 11:27:26,312 [INFO] PluginManager:217 - loadIPPluginJar : add fmc
2022-12-08 11:27:26,315 [INFO] IPUIPlugin:79 - create IPUIPlugin
2022-12-08 11:27:26,315 [INFO] PluginManager:217 - loadIPPluginJar : add freertos
2022-12-08 11:27:26,315 [INFO] IPUIPlugin:79 - create IPUIPlugin
2022-12-08 11:27:26,315 [INFO] PluginManager:217 - loadIPPluginJar : add genericplugin
2022-12-08 11:27:26,325 [INFO] IPUIPlugin:79 - create IPUIPlugin
2022-12-08 11:27:26,325 [INFO] PluginManager:217 - loadIPPluginJar : add gfxmmu
2022-12-08 11:27:26,325 [INFO] IPUIPlugin:79 - create IPUIPlugin
2022-12-08 11:27:26,325 [INFO] PluginManager:217 - loadIPPluginJar : add gic
2022-12-08 11:27:26,325 [INFO] IPUIPlugin:79 - create IPUIPlugin
2022-12-08 11:27:26,325 [INFO] PluginManager:217 - loadIPPluginJar : add gpio
2022-12-08 11:27:26,325 [INFO] IPUIPlugin:79 - create IPUIPlugin
2022-12-08 11:27:26,325 [INFO] PluginManager:217 - loadIPPluginJar : add gtzc
2022-12-08 11:27:26,325 [INFO] IPUIPlugin:79 - create IPUIPlugin
2022-12-08 11:27:26,325 [INFO] PluginManager:217 - loadIPPluginJar : add hash
2022-12-08 11:27:26,340 [INFO] IPUIPlugin:79 - create IPUIPlugin
2022-12-08 11:27:26,340 [INFO] PluginManager:217 - loadIPPluginJar : add i2c
2022-12-08 11:27:26,340 [INFO] IPUIPlugin:79 - create IPUIPlugin
2022-12-08 11:27:26,340 [INFO] PluginManager:217 - loadIPPluginJar : add i2s
2022-12-08 11:27:26,340 [INFO] IPUIPlugin:79 - create IPUIPlugin
2022-12-08 11:27:26,340 [INFO] PluginManager:217 - loadIPPluginJar : add ipddr
2022-12-08 11:27:26,358 [INFO] IPUIPlugin:79 - create IPUIPlugin
2022-12-08 11:27:26,358 [INFO] PluginManager:217 - loadIPPluginJar : add linkedlist
2022-12-08 11:27:26,360 [INFO] IPUIPlugin:79 - create IPUIPlugin
2022-12-08 11:27:26,363 [INFO] PluginManager:217 - loadIPPluginJar : add lorawan
2022-12-08 11:27:26,363 [INFO] IPUIPlugin:79 - create IPUIPlugin
2022-12-08 11:27:26,363 [INFO] PluginManager:217 - loadIPPluginJar : add ltdc
2022-12-08 11:27:26,363 [INFO] IPUIPlugin:79 - create IPUIPlugin
2022-12-08 11:27:26,363 [INFO] PluginManager:217 - loadIPPluginJar : add mdma
2022-12-08 11:27:26,372 [INFO] IPUIPlugin:79 - create IPUIPlugin
2022-12-08 11:27:26,372 [INFO] PluginManager:217 - loadIPPluginJar : add nvic
2022-12-08 11:27:26,372 [INFO] IPUIPlugin:79 - create IPUIPlugin
2022-12-08 11:27:26,372 [INFO] PluginManager:217 - loadIPPluginJar : add opamp
2022-12-08 11:27:26,379 [INFO] IPUIPlugin:79 - create IPUIPlugin
2022-12-08 11:27:26,379 [INFO] PluginManager:217 - loadIPPluginJar : add openamp
2022-12-08 11:27:26,385 [INFO] IPUIPlugin:79 - create IPUIPlugin
2022-12-08 11:27:26,385 [INFO] PluginManager:217 - loadIPPluginJar : add pdm2pcm
2022-12-08 11:27:26,390 [INFO] IPUIPlugin:79 - create IPUIPlugin
2022-12-08 11:27:26,390 [INFO] PluginManager:217 - loadIPPluginJar : add plateformsettings
2022-12-08 11:27:26,390 [INFO] IPUIPlugin:79 - create IPUIPlugin
2022-12-08 11:27:26,390 [INFO] PluginManager:217 - loadIPPluginJar : add quadspi
2022-12-08 11:27:26,405 [INFO] IPUIPlugin:79 - create IPUIPlugin
2022-12-08 11:27:26,405 [INFO] PluginManager:217 - loadIPPluginJar : add resmgrutility
2022-12-08 11:27:26,411 [INFO] IPUIPlugin:79 - create IPUIPlugin
2022-12-08 11:27:26,411 [INFO] PluginManager:217 - loadIPPluginJar : add sai
2022-12-08 11:27:26,416 [INFO] IPUIPlugin:79 - create IPUIPlugin
2022-12-08 11:27:26,416 [INFO] PluginManager:217 - loadIPPluginJar : add spi
2022-12-08 11:27:26,422 [INFO] IPUIPlugin:79 - create IPUIPlugin
2022-12-08 11:27:26,423 [INFO] PluginManager:217 - loadIPPluginJar : add stm32_wpan
2022-12-08 11:27:26,425 [INFO] IPUIPlugin:79 - create IPUIPlugin
2022-12-08 11:27:26,425 [INFO] PluginManager:217 - loadIPPluginJar : add tim
2022-12-08 11:27:26,427 [INFO] IPUIPlugin:79 - create IPUIPlugin
2022-12-08 11:27:26,427 [INFO] PluginManager:217 - loadIPPluginJar : add touchsensing
2022-12-08 11:27:26,436 [INFO] IPUIPlugin:79 - create IPUIPlugin
2022-12-08 11:27:26,436 [INFO] PluginManager:217 - loadIPPluginJar : add tracer_emb
2022-12-08 11:27:26,438 [INFO] IPUIPlugin:79 - create IPUIPlugin
2022-12-08 11:27:26,438 [INFO] PluginManager:217 - loadIPPluginJar : add ts
2022-12-08 11:27:26,438 [INFO] IPUIPlugin:79 - create IPUIPlugin
2022-12-08 11:27:26,438 [INFO] PluginManager:217 - loadIPPluginJar : add tsc
2022-12-08 11:27:26,442 [INFO] IPUIPlugin:79 - create IPUIPlugin
2022-12-08 11:27:26,442 [INFO] PluginManager:217 - loadIPPluginJar : add ucpd
2022-12-08 11:27:26,442 [INFO] IPUIPlugin:79 - create IPUIPlugin
2022-12-08 11:27:26,442 [INFO] PluginManager:217 - loadIPPluginJar : add usart
2022-12-08 11:27:26,451 [INFO] IPUIPlugin:79 - create IPUIPlugin
2022-12-08 11:27:26,451 [INFO] PluginManager:217 - loadIPPluginJar : add usbx
2022-12-08 11:27:26,842 [FATAL] Updater:301 - Updater called before beeing initialized
2022-12-08 11:27:27,079 [FATAL] Updater:301 - Updater called before beeing initialized
2022-12-08 11:27:27,090 [INFO] DbMcusAds:52 - JSON generation date=Thu Sep 30 09:56:37 IDT 2021 (1632984997303)
2022-12-08 11:27:27,090 [FATAL] Updater:301 - Updater called before beeing initialized
2022-12-08 11:27:27,134 [WARN] DetailPanel:344 - Failed to get advertising image, set to default
2022-12-08 11:27:27,274 [FATAL] Updater:301 - Updater called before beeing initialized
2022-12-08 11:27:27,277 [FATAL] Updater:301 - Updater called before beeing initialized
2022-12-08 11:27:27,277 [FATAL] Updater:301 - Updater called before beeing initialized
2022-12-08 11:27:27,277 [WARN] DetailPanel:344 - Failed to get advertising image, set to default
2022-12-08 11:27:27,280 [FATAL] Updater:301 - Updater called before beeing initialized
2022-12-08 11:27:27,344 [ERROR] Updater:1105 - MainUpdater not yet initialized. External WinMGr cannot be set.
2022-12-08 11:27:27,349 [INFO] Updater:1041 - Updater Version found : 6.6.1
2022-12-08 11:27:27,368 [INFO] ApplicationProperties:181 - Using Application install path: C:\ST\STM32CubeIDE_1.9.0\STM32CubeIDE\plugins\com.st.stm32cube.common.mx_6.6.1.202207061420
2022-12-08 11:27:27,604 [INFO] MainUpdater:2768 - connection check result : 10
2022-12-08 11:27:27,604 [INFO] MainUpdater:280 - Updater Check For Update Now.
2022-12-08 11:27:27,604 [INFO] MicroXplorer:481 - Change Database Version : DB.6.0.60
2022-12-08 11:27:27,807 [INFO] CheckServerUpdateThread:119 - End of CheckServer Thread
2022-12-08 11:27:27,838 [INFO] MainUpdater:2768 - connection check result : 10
2022-12-08 11:27:27,839 [INFO] MainUpdater:2768 - connection check result : 10
2022-12-08 11:27:27,876 [INFO] MicroXplorer:451 - Change Database Path : 
2022-12-08 11:27:27,878 [INFO] MicroXplorer:481 - Change Database Version : DB.6.0.60
2022-12-08 11:27:27,879 [WARN] ThirdParty:827 - waiting for thirdparty lock release [close project]
2022-12-08 11:27:28,847 [WARN] PackLoader:242 - Cannot read IP mode file for STMicroelectronics.X-CUBE-GNSS1.6.0.0
2022-12-08 11:27:28,900 [WARN] PackLoader:242 - Cannot read IP mode file for STMicroelectronics.X-CUBE-AZRTOS-F4.1.1.0
2022-12-08 11:27:28,944 [WARN] PackLoader:242 - Cannot read IP mode file for STMicroelectronics.X-CUBE-BLEMGR.1.2.0
2022-12-08 11:27:28,977 [WARN] PackLoader:242 - Cannot read IP mode file for STMicroelectronics.X-CUBE-AZRTOS-F7.1.1.0
2022-12-08 11:27:28,990 [WARN] PackLoader:242 - Cannot read IP mode file for STMicroelectronics.X-CUBE-BLE1.6.2.3
2022-12-08 11:27:28,990 [WARN] PackLoader:242 - Cannot read IP mode file for STMicroelectronics.X-CUBE-BLE1.6.2.4
2022-12-08 11:27:29,003 [WARN] PackLoader:242 - Cannot read IP mode file for STMicroelectronics.X-CUBE-NFC4.2.0.5
2022-12-08 11:27:29,010 [WARN] PackLoader:242 - Cannot read IP mode file for STMicroelectronics.X-CUBE-NFC4.2.0.4
2022-12-08 11:27:29,021 [WARN] PackLoader:242 - Cannot read IP mode file for wolfSSL.I-CUBE-wolfSSL.5.5.1
2022-12-08 11:27:29,028 [WARN] PackLoader:242 - Cannot read IP mode file for STMicroelectronics.X-CUBE-NFC7.1.0.0
2022-12-08 11:27:29,143 [WARN] PackLoader:242 - Cannot read IP mode file for STMicroelectronics.X-CUBE-MEMS1.9.3.0
2022-12-08 11:27:29,294 [WARN] PackLoader:242 - Cannot read IP mode file for STMicroelectronics.X-CUBE-AI.7.2.0
2022-12-08 11:27:29,302 [WARN] PackLoader:242 - Cannot read IP mode file for STMicroelectronics.X-CUBE-SFXS2LP1.4.0.0
2022-12-08 11:27:29,310 [WARN] PackLoader:242 - Cannot read IP mode file for STMicroelectronics.X-CUBE-BLE2.3.3.0
2022-12-08 11:27:29,318 [WARN] PackLoader:242 - Cannot read IP mode file for STMicroelectronics.X-CUBE-DISPLAY.2.2.0
2022-12-08 11:27:29,322 [WARN] PackLoader:242 - Cannot read IP mode file for STMicroelectronics.X-CUBE-TOF1.3.2.0
2022-12-08 11:27:29,337 [WARN] PackLoader:242 - Cannot read IP mode file for STMicroelectronics.X-CUBE-ISPU.1.0.0
2022-12-08 11:27:29,337 [WARN] PackLoader:242 - Cannot read IP mode file for STMicroelectronics.X-CUBE-ISPU.1.1.0
2022-12-08 11:27:29,353 [WARN] PackLoader:242 - Cannot read IP mode file for RoweBots.I-CUBE-UNISONRTOS.5.5.0-4
2022-12-08 11:27:29,379 [WARN] PackLoader:242 - Cannot read IP mode file for STMicroelectronics.X-CUBE-AZRTOS-H7.2.1.0
2022-12-08 11:27:29,421 [WARN] PackLoader:242 - Cannot read IP mode file for STMicroelectronics.X-CUBE-MEMS1.9.4.0
2022-12-08 11:27:29,511 [WARN] PackLoader:242 - Cannot read IP mode file for STMicroelectronics.X-CUBE-AI.7.3.0
2022-12-08 11:27:29,527 [WARN] PackLoader:242 - Cannot read IP mode file for STMicroelectronics.X-CUBE-ALGOBUILD.1.3.0
2022-12-08 11:27:29,542 [WARN] PackLoader:242 - Cannot read IP mode file for STMicroelectronics.X-CUBE-AZRTOS-L5.1.1.0
2022-12-08 11:27:29,555 [WARN] PackLoader:242 - Cannot read IP mode file for STMicroelectronics.X-CUBE-AZRTOS-G0.1.1.0
2022-12-08 11:27:29,605 [WARN] PackLoader:242 - Cannot read IP mode file for STMicroelectronics.X-CUBE-SUBG2.5.0.0
2022-12-08 11:27:29,637 [WARN] PackLoader:242 - Cannot read IP mode file for SEGGER.I-CUBE-embOS.1.2.1
2022-12-08 11:27:29,685 [WARN] PackLoader:242 - Cannot read IP mode file for STMicroelectronics.FP-ATR-ASTRA1.1.1.1
2022-12-08 11:27:29,685 [WARN] PackLoader:242 - Cannot read IP mode file for STMicroelectronics.X-CUBE-BLEMGR.1.3.0
2022-12-08 11:27:29,716 [WARN] PackLoader:242 - Cannot read IP mode file for STMicroelectronics.X-CUBE-AZRTOS-G4.1.0.0
2022-12-08 11:27:29,722 [WARN] PackLoader:242 - Cannot read IP mode file for STMicroelectronics.FP-ATR-SIGFOX1.3.2.0
2022-12-08 11:27:29,742 [WARN] PackLoader:242 - Cannot read IP mode file for STMicroelectronics.X-CUBE-AZRTOS-L4.1.0.0
2022-12-08 11:27:29,751 [WARN] PackLoader:242 - Cannot read IP mode file for emotas.I-CUBE-CANOPEN.1.1.2
2022-12-08 11:27:29,760 [WARN] PackLoader:242 - Cannot read IP mode file for STMicroelectronics.X-CUBE-TOUCHGFX.4.20.0
2022-12-08 11:27:29,768 [WARN] PackLoader:242 - Cannot read IP mode file for STMicroelectronics.X-CUBE-AZRTOS-WL.1.0.0
2022-12-08 11:27:29,809 [WARN] PackLoader:242 - Cannot read IP mode file for portGmbH.I-Cube-SoM-uGOAL.1.1.0
2022-12-08 11:27:29,812 [WARN] PackLoader:242 - Cannot read IP mode file for STMicroelectronics.X-CUBE-ALS.1.0.1
2022-12-08 11:27:29,828 [WARN] PackLoader:242 - Cannot read IP mode file for STMicroelectronics.X-CUBE-AZRTOS-WB.1.1.0
2022-12-08 11:27:29,843 [WARN] PackLoader:242 - Cannot read IP mode file for STMicroelectronics.X-CUBE-AZRTOS-L5.1.0.0
2022-12-08 11:27:29,855 [WARN] PackLoader:242 - Cannot read IP mode file for STMicroelectronics.X-CUBE-EEPRMA1.3.1.1
2022-12-08 11:27:29,859 [INFO] ThirdParty:929 - Integrity check success = true
2022-12-08 11:27:29,859 [INFO] IntegrityCheckThread:98 - exiting critical section [integrity check]
2022-12-08 11:27:29,859 [INFO] IntegrityCheckThread:101 - End integrity checks thread
2022-12-08 11:27:29,859 [INFO] ThirdParty:829 - entering critical section [close project]
2022-12-08 11:27:29,859 [INFO] ThirdParty:839 - exiting critical section [close project]
2022-12-08 11:27:29,869 [INFO] PinOutPanel:1468 - setPackage(No Configuration,No Configuration)
2022-12-08 11:27:29,875 [INFO] UtilMem:74 - Begin LoadConfig() Used Memory: 220394024 Bytes (358612992)
2022-12-08 11:27:29,877 [INFO] MicroXplorer:451 - Change Database Path : 
2022-12-08 11:27:29,877 [INFO] MicroXplorer:481 - Change Database Version : DB.6.0.60
2022-12-08 11:27:29,877 [INFO] OpenFileManager:307 - Change cursor
2022-12-08 11:27:29,907 [INFO] Mcu:1922 - Initializing MCU STM32L476R(C-E-G)Tx STM32L476RGTx STM32L476RGT3
2022-12-08 11:27:32,067 [INFO] Context:654 - Trying to add GPIOservice into a context  which must be forbidden
2022-12-08 11:27:32,907 [WARN] ApiManager:308 - Cannot register API 'Board Extension:GNSS1A1' from pack STMicroelectronics.X-CUBE-GNSS1.6.0.0: no header file found
2022-12-08 11:27:32,907 [WARN] ApiManager:308 - Cannot register API 'Board Support:Custom' from pack STMicroelectronics.X-CUBE-GNSS1.6.0.0: no header file found
2022-12-08 11:27:32,907 [WARN] ApiManager:308 - Cannot register API 'Data Exchange:lib_gnss' from pack STMicroelectronics.X-CUBE-GNSS1.6.0.0: no header file found
2022-12-08 11:27:33,060 [WARN] ApiManager:308 - Cannot register API 'Board Extension:IKS01A3' from pack STMicroelectronics.X-CUBE-MEMS1.9.4.0: no header file found
2022-12-08 11:27:33,060 [WARN] ApiManager:308 - Cannot register API 'Board Extension:IKS01A2' from pack STMicroelectronics.X-CUBE-MEMS1.9.4.0: no header file found
2022-12-08 11:27:33,060 [WARN] ApiManager:308 - Cannot register API 'Board Extension:IKS02A1' from pack STMicroelectronics.X-CUBE-MEMS1.9.4.0: no header file found
2022-12-08 11:27:33,075 [WARN] ApiManager:308 - Cannot register API 'Wireless:BlueNRG-MS' from pack STMicroelectronics.X-CUBE-BLE1.6.2.3: no header file found
2022-12-08 11:27:33,075 [WARN] ApiManager:308 - Cannot register API 'Wireless:BlueNRG-MS' from pack STMicroelectronics.X-CUBE-BLE1.6.2.4: no header file found
2022-12-08 11:27:33,075 [INFO] RtosManager:488 - Registered RTOS mode: class=CMSIS, group=RTOS, mode=CMSIS_V1, owner=FREERTOS
2022-12-08 11:27:33,075 [INFO] RtosManager:488 - Registered RTOS mode: class=CMSIS, group=RTOS2, mode=CMSIS_V2, owner=FREERTOS
2022-12-08 11:27:33,075 [INFO] RtosManager:488 - Registered RTOS mode: class=RTOS, group=Core, mode=CMSIS_V1, owner=FREERTOS
2022-12-08 11:27:33,091 [INFO] RtosManager:488 - Registered RTOS mode: class=RTOS, group=Core, mode=CMSIS_V2, owner=FREERTOS
2022-12-08 11:27:33,091 [WARN] ModelIntegratedComponent:185 - Missing modes for component STMicroelectronics:FreeRTOS:0.0.1:STMicroelectronics:RTOS:FreeRTOS:Core:::10.2.0:
2022-12-08 11:27:33,091 [WARN] ApiManager:308 - Cannot register API 'Board Extension:S2868A1' from pack STMicroelectronics.X-CUBE-SUBG2.5.0.0: no header file found
2022-12-08 11:27:33,091 [WARN] ApiManager:308 - Cannot register API 'Board Extension:S2868A2' from pack STMicroelectronics.X-CUBE-SUBG2.5.0.0: no header file found
2022-12-08 11:27:33,091 [WARN] ApiManager:308 - Cannot register API 'Board Extension:S2915A1' from pack STMicroelectronics.X-CUBE-SUBG2.5.0.0: no header file found
2022-12-08 11:27:33,106 [WARN] ApiManager:308 - Cannot register API 'Board Extension:NFC04A1' from pack STMicroelectronics.X-CUBE-NFC4.2.0.5: no header file found
2022-12-08 11:27:33,106 [WARN] ApiManager:308 - Cannot register API 'Board Extension:NFC04A1' from pack STMicroelectronics.X-CUBE-NFC4.2.0.4: no header file found
2022-12-08 11:27:33,106 [WARN] ModelIntegratedComponent:64 - No mode defined for component null
2022-12-08 11:27:33,106 [WARN] ModelIntegratedComponent:64 - No mode defined for component null
2022-12-08 11:27:33,106 [WARN] ModelIntegratedComponent:64 - No mode defined for component null
2022-12-08 11:27:33,106 [WARN] ModelIntegratedComponent:64 - No mode defined for component null
2022-12-08 11:27:33,106 [WARN] ModelIntegratedComponent:64 - No mode defined for component null
2022-12-08 11:27:33,106 [WARN] ModelIntegratedComponent:64 - No mode defined for component null
2022-12-08 11:27:33,106 [WARN] ModelIntegratedComponent:64 - No mode defined for component null
2022-12-08 11:27:33,106 [WARN] ModelIntegratedComponent:64 - No mode defined for component null
2022-12-08 11:27:33,106 [WARN] ModelIntegratedComponent:64 - No mode defined for component null
2022-12-08 11:27:33,106 [WARN] ModelIntegratedComponent:64 - No mode defined for component null
2022-12-08 11:27:33,106 [WARN] ModelIntegratedComponent:64 - No mode defined for component null
2022-12-08 11:27:33,106 [WARN] ModelIntegratedComponent:64 - No mode defined for component null
2022-12-08 11:27:33,106 [WARN] ModelIntegratedComponent:64 - No mode defined for component null
2022-12-08 11:27:33,106 [WARN] ModelIntegratedComponent:64 - No mode defined for component null
2022-12-08 11:27:33,106 [WARN] ModelIntegratedComponent:64 - No mode defined for component null
2022-12-08 11:27:33,106 [WARN] ModelIntegratedComponent:64 - No mode defined for component null
2022-12-08 11:27:33,106 [WARN] ModelIntegratedComponent:64 - No mode defined for component null
2022-12-08 11:27:33,106 [WARN] ModelIntegratedComponent:64 - No mode defined for component null
2022-12-08 11:27:33,106 [WARN] ModelIntegratedComponent:64 - No mode defined for component null
2022-12-08 11:27:33,106 [WARN] ModelIntegratedComponent:64 - No mode defined for component null
2022-12-08 11:27:33,106 [WARN] ModelIntegratedComponent:64 - No mode defined for component null
2022-12-08 11:27:33,106 [WARN] ModelIntegratedComponent:64 - No mode defined for component null
2022-12-08 11:27:33,106 [WARN] ModelIntegratedComponent:64 - No mode defined for component null
2022-12-08 11:27:33,106 [WARN] ModelIntegratedComponent:64 - No mode defined for component null
2022-12-08 11:27:33,106 [WARN] ModelIntegratedComponent:64 - No mode defined for component null
2022-12-08 11:27:33,106 [WARN] ModelIntegratedComponent:64 - No mode defined for component null
2022-12-08 11:27:33,106 [WARN] ModelIntegratedComponent:64 - No mode defined for component null
2022-12-08 11:27:33,106 [WARN] ModelIntegratedComponent:64 - No mode defined for component null
2022-12-08 11:27:33,106 [WARN] ModelIntegratedComponent:64 - No mode defined for component null
2022-12-08 11:27:33,106 [WARN] ModelIntegratedComponent:64 - No mode defined for component null
2022-12-08 11:27:33,106 [WARN] ModelIntegratedComponent:64 - No mode defined for component null
2022-12-08 11:27:33,106 [WARN] ModelIntegratedComponent:64 - No mode defined for component null
2022-12-08 11:27:33,106 [WARN] ModelIntegratedComponent:64 - No mode defined for component null
2022-12-08 11:27:33,122 [WARN] ApiManager:308 - Cannot register API 'Board Extension:NFC07A1' from pack STMicroelectronics.X-CUBE-NFC7.1.0.0: no header file found
2022-12-08 11:27:33,234 [WARN] ApiManager:308 - Cannot register API 'Board Extension:IKS01A3' from pack STMicroelectronics.X-CUBE-MEMS1.9.3.0: no header file found
2022-12-08 11:27:33,234 [WARN] ApiManager:308 - Cannot register API 'Board Extension:IKS01A2' from pack STMicroelectronics.X-CUBE-MEMS1.9.3.0: no header file found
2022-12-08 11:27:33,234 [WARN] ApiManager:308 - Cannot register API 'Board Extension:IKS02A1' from pack STMicroelectronics.X-CUBE-MEMS1.9.3.0: no header file found
2022-12-08 11:27:33,249 [WARN] ApiManager:308 - Cannot register API 'Board Extension:EEPRMA1' from pack STMicroelectronics.X-CUBE-EEPRMA1.3.1.1: no header file found
2022-12-08 11:27:33,249 [WARN] ApiManager:308 - Cannot register API 'Board Extension:EEPRMA2' from pack STMicroelectronics.X-CUBE-EEPRMA1.3.1.1: no header file found
2022-12-08 11:27:33,251 [WARN] ApiManager:308 - Cannot register API 'Board Extension:S2868A1' from pack STMicroelectronics.X-CUBE-SFXS2LP1.4.0.0: no header file found
2022-12-08 11:27:33,251 [WARN] ApiManager:308 - Cannot register API 'Board Extension:S2868A2' from pack STMicroelectronics.X-CUBE-SFXS2LP1.4.0.0: no header file found
2022-12-08 11:27:33,251 [WARN] ApiManager:308 - Cannot register API 'Board Extension:S2915A1' from pack STMicroelectronics.X-CUBE-SFXS2LP1.4.0.0: no header file found
2022-12-08 11:27:33,251 [WARN] ApiManager:308 - Cannot register API 'Wireless:BlueNRG-2' from pack STMicroelectronics.X-CUBE-BLE2.3.3.0: no header file found
2022-12-08 11:27:33,269 [INFO] ThirdPartyModel:289 - Start build external matchings
2022-12-08 11:27:33,643 [INFO] ThirdPartyModel:302 - End build external matchings
2022-12-08 11:27:33,652 [INFO] RtosManager:801 - Current active RTOS is FREERTOS [Cortex-M4NS]
2022-12-08 11:27:33,677 [INFO] ImportTextPane:193 - (OptionalMessage_ERROR) IP (RCC) : Invalid parameter (FamilyName)
2022-12-08 11:27:33,690 [INFO] ImportTextPane:193 - (OptionalMessage_ERROR) IP (RCC) : Parameter (RNGFreq_Value) has invalid value (64000000)
2022-12-08 11:27:33,690 [INFO] ImportTextPane:193 - (OptionalMessage_ERROR) IP (RCC) : Parameter (SDMMCFreq_Value) has invalid value (64000000)
2022-12-08 11:27:33,690 [INFO] ImportTextPane:193 - (OptionalMessage_ERROR) IP (RCC) : Parameter (USBFreq_Value) has invalid value (64000000)
2022-12-08 11:27:34,137 [INFO] UtilMem:74 - End LoadConfig() Used Memory: 279664160 Bytes (387973120)
2022-12-08 11:27:34,545 [INFO] ApiDb:576 - Connected to CubeFinder SQLite database (C:\Users\anana\.stmcufinder\plugins\mcufinder\mcu\cube-finder-db.db)
2022-12-08 11:27:34,593 [INFO] ApiDb:663 - CubeFinder database Data Model version=2.1
2022-12-08 11:27:34,593 [INFO] ApiDb:664 - CubeFinder database Configuration version=3.0.32
2022-12-08 11:27:34,593 [INFO] ApiDb:665 - CubeFinder database generation date=2022-08-05 (1659688109)
2022-12-08 11:27:34,593 [INFO] ApiDb:666 - CubeFinder database FW Pack versions=[STM32Cube_FW_C0_V1.0.0, STM32Cube_FW_F4_V1.27.1, STM32Cube_FW_F7_V1.17.0, STM32Cube_FW_G0_V1.6.1, STM32Cube_FW_G4_V1.5.0, STM32Cube_FW_H7_V1.10.0, STM32Cube_FW_L5_V1.4.0, STM32Cube_FW_U5_V1.1.1, STM32Cube_FW_WB_V1.14.1, STM32Cube_FW_WL_V1.2.0, X-CUBE-ALGOBUILD_V1.3.0, X-CUBE-ALS_V1.0.1, X-CUBE-AZRTOS-F4_V1.1.0, X-CUBE-AZRTOS-F7_V1.1.0, X-CUBE-AZRTOS-G0_V1.1.0, X-CUBE-AZRTOS-G4_V1.0.0, X-CUBE-AZRTOS-H7_V2.1.0, X-CUBE-AZRTOS-L4_V1.0.0, X-CUBE-AZRTOS-L5_V1.0.0, X-CUBE-AZRTOS-WL_V1.0.0, X-CUBE-BLE1_V6.2.3, X-CUBE-BLE2_V3.3.0, X-CUBE-EEPRMA1_V3.1.1, X-CUBE-GNSS1_V6.0.0, X-CUBE-MEMS1_V9.1.0, X-CUBE-MEMS1_V9.3.0, X-CUBE-NFC4_V2.0.4, X-CUBE-NFC7_V1.0.0, X-CUBE-SFXS2LP1_V4.0.0, X-CUBE-SUBG2_V5.0.0]
2022-12-08 11:27:36,186 [INFO] ApiDb:239 - Found 138 in-development CPN: [B-WB1M-WPAN1, NUCLEO-C031C6, STEVAL-STWINBX1, STM320518-EVAL, STM32C0116-DK, STM32C011D6Y3TR, STM32C011D6Y6TR, STM32C011F4P3, STM32C011F4P6, STM32C011F4U3, STM32C011F4U6TR, STM32C011F6P3, STM32C011F6P6, STM32C011F6U3, STM32C011F6U6TR, STM32C011J4M3, STM32C011J4M6, STM32C011J6M3, STM32C011J6M6, STM32C0316-DK, STM32C031C4T3, STM32C031C4T6, STM32C031C4U3, STM32C031C4U6, STM32C031C6T3, STM32C031C6T6, STM32C031C6U3, STM32C031C6U6, STM32C031F4P3, STM32C031F4P6, STM32C031F6P3, STM32C031F6P6, STM32C031G4U3, STM32C031G4U6, STM32C031G6U3, STM32C031G6U6, STM32C031K4T3, STM32C031K4T6, STM32C031K4U3, STM32C031K4U6, STM32C031K6T3, STM32C031K6T6, STM32C031K6U3, STM32C031K6U6, STM32G071K8TXN, STM32G071K8UXN, STM32G081GBU6N, STM32G081KBT6N, STM32G081KBUXN, STM32G0B1CCT6N, STM32G0B1KCT6, STM32G0B1NEY6TR, STM32G0B1RCT6N, STM32G0C1CCT6, STM32G0C1CCT6N, STM32G0C1CCU6N, STM32G0C1CET6N, STM32G0C1CEU6N, STM32G0C1KCT6, STM32G0C1NEY6TR, STM32G0C1RCI6N, STM32G0C1RCT6N, STM32G0C1REI6N, STM32G0C1RET6N, STM32G0C1VCI6, STM32G0C1VEI6, STM32G471CCT6, STM32G471CCU6, STM32G471CET3, STM32G471CET6, STM32G471CEU3, STM32G471CEU6, STM32G471MCT6, STM32G471MET3, STM32G471MET6, STM32G471MEY6TR, STM32G471QCT6, STM32G471QET3, STM32G471RCT6, STM32G471RET3, STM32G471RET6, STM32G471VCH6, STM32G471VCI6, STM32G471VCT6, STM32G471VEH3, STM32G471VEH6, STM32G471VEI3, STM32G471VEI6, STM32G471VET3, STM32G471VET6, STM32G474CCT6, STM32L476VGY6PTR, STM32L4R5QGI6STR, STM32MP131AAE3, STM32MP131AAF3, STM32MP131AAG3, STM32MP131CAE3, STM32MP131CAF3, STM32MP131CAG3, STM32MP131DAE7, STM32MP131DAF7, STM32MP131DAG7, STM32MP131FAE7, STM32MP131FAF7, STM32MP131FAG7, STM32MP133AAE3, STM32MP133AAF3, STM32MP133AAG3, STM32MP133CAE3, STM32MP133CAF3, STM32MP133CAG3, STM32MP133DAE7, STM32MP133DAF7, STM32MP133DAG7, STM32MP133FAE7, STM32MP133FAF7, STM32MP133FAG7, STM32MP135AAE3, STM32MP135AAF3, STM32MP135AAG3, STM32MP135CAE3, STM32MP135CAF3, STM32MP135CAG3, STM32MP135DAE7, STM32MP135DAF7, STM32MP135DAG7, STM32MP135F-DK, STM32MP135FAE7, STM32MP135FAF7, STM32MP135FAG7, STM32U595ZJT6Q, STM32U599BJY6QTR, STM32U599NIH6Q, STM32U599NJH6Q, STM32U5A5ZJT6Q, STM32U5A9BJY6QTR, STM32U5A9NJH6Q, STM32WB1MMCH6]
2022-12-08 11:27:36,186 [INFO] DbMcus:215 - Found 3542 MCUs, 3542 are supported
2022-12-08 11:27:36,186 [INFO] ApiDb:418 - Load user favorites file C:\Users\anana/.stm32cubeide/favorites.mcus.txt: 0 item(s)
2022-12-08 11:27:36,186 [INFO] ApiDb:422 - User favorites MCUs=[]
2022-12-08 11:27:36,186 [INFO] DbMcus:221 - Set 0 / 0 favorites MCUs
2022-12-08 11:27:36,202 [WARN] ThirdParty:789 - waiting for thirdparty lock release [change project]
2022-12-08 11:27:36,202 [INFO] ThirdParty:791 - entering critical section [change project]
2022-12-08 11:27:36,202 [INFO] ThirdParty:981 - CMSIS Pack Vendor :STMicroelectronics X-CUBE-ISPU 1.1.0
2022-12-08 11:27:36,202 [INFO] ThirdParty:981 - CMSIS Pack Vendor :RoweBots I-CUBE-UNISONRTOS 5.5.0-4
2022-12-08 11:27:36,202 [INFO] ThirdParty:981 - CMSIS Pack Vendor :STMicroelectronics X-CUBE-GNSS1 6.0.0
2022-12-08 11:27:36,202 [INFO] ThirdParty:981 - CMSIS Pack Vendor :STMicroelectronics X-CUBE-AZRTOS-H7 2.1.0
2022-12-08 11:27:36,202 [INFO] ThirdParty:981 - CMSIS Pack Vendor :STMicroelectronics USB_HOST 2.0.0
2022-12-08 11:27:36,203 [INFO] ThirdParty:981 - CMSIS Pack Vendor :STMicroelectronics X-CUBE-AZRTOS-F4 1.1.0
2022-12-08 11:27:36,203 [INFO] ThirdParty:981 - CMSIS Pack Vendor :STMicroelectronics LIBJPEG 8.0.0
2022-12-08 11:27:36,203 [INFO] ThirdParty:981 - CMSIS Pack Vendor :STMicroelectronics USB_DEVICE 3.0.0
2022-12-08 11:27:36,203 [INFO] ThirdParty:981 - CMSIS Pack Vendor :STMicroelectronics X-CUBE-BLEMGR 1.2.0
2022-12-08 11:27:36,203 [INFO] ThirdParty:981 - CMSIS Pack Vendor :STMicroelectronics X-CUBE-AZRTOS-F7 1.1.0
2022-12-08 11:27:36,203 [INFO] ThirdParty:981 - CMSIS Pack Vendor :STMicroelectronics X-CUBE-MEMS1 9.4.0
2022-12-08 11:27:36,203 [INFO] ThirdParty:981 - CMSIS Pack Vendor :STMicroelectronics USB_DEVICE 2.0.0
2022-12-08 11:27:36,203 [INFO] ThirdParty:981 - CMSIS Pack Vendor :STMicroelectronics X-CUBE-AI 7.3.0
2022-12-08 11:27:36,203 [INFO] ThirdParty:981 - CMSIS Pack Vendor :STMicroelectronics X-CUBE-BLE1 6.2.3
2022-12-08 11:27:36,203 [INFO] ThirdParty:981 - CMSIS Pack Vendor :STMicroelectronics X-CUBE-ALGOBUILD 1.3.0
2022-12-08 11:27:36,203 [INFO] ThirdParty:981 - CMSIS Pack Vendor :STMicroelectronics X-CUBE-BLE1 6.2.4
2022-12-08 11:27:36,203 [INFO] ThirdParty:981 - CMSIS Pack Vendor :STMicroelectronics X-CUBE-AZRTOS-L5 1.1.0
2022-12-08 11:27:36,203 [INFO] ThirdParty:981 - CMSIS Pack Vendor :STMicroelectronics FreeRTOS 0.0.1
2022-12-08 11:27:36,203 [INFO] ThirdParty:981 - CMSIS Pack Vendor :STMicroelectronics X-CUBE-AZRTOS-G0 1.1.0
2022-12-08 11:27:36,203 [INFO] ThirdParty:981 - CMSIS Pack Vendor :STMicroelectronics X-CUBE-SUBG2 5.0.0
2022-12-08 11:27:36,203 [INFO] ThirdParty:981 - CMSIS Pack Vendor :STMicroelectronics STM32_WPAN 1.0.0
2022-12-08 11:27:36,203 [INFO] ThirdParty:981 - CMSIS Pack Vendor :SEGGER I-CUBE-embOS 1.2.1
2022-12-08 11:27:36,203 [INFO] ThirdParty:981 - CMSIS Pack Vendor :STMicroelectronics lwIP 2.0.3
2022-12-08 11:27:36,203 [INFO] ThirdParty:981 - CMSIS Pack Vendor :STMicroelectronics X-CUBE-NFC4 2.0.5
2022-12-08 11:27:36,203 [INFO] ThirdParty:981 - CMSIS Pack Vendor :STMicroelectronics X-CUBE-NFC4 2.0.4
2022-12-08 11:27:36,203 [INFO] ThirdParty:981 - CMSIS Pack Vendor :STMicroelectronics USB_HOST 1.0.0
2022-12-08 11:27:36,203 [INFO] ThirdParty:981 - CMSIS Pack Vendor :STMicroelectronics PDM2PCM 3.1.0
2022-12-08 11:27:36,203 [INFO] ThirdParty:981 - CMSIS Pack Vendor :STMicroelectronics FP-ATR-ASTRA1 1.1.1
2022-12-08 11:27:36,203 [INFO] ThirdParty:981 - CMSIS Pack Vendor :STMicroelectronics PDM2PCM 3.3.0
2022-12-08 11:27:36,203 [INFO] ThirdParty:981 - CMSIS Pack Vendor :STMicroelectronics X-CUBE-BLEMGR 1.3.0
2022-12-08 11:27:36,203 [INFO] ThirdParty:981 - CMSIS Pack Vendor :STMicroelectronics X-CUBE-AZRTOS-G4 1.0.0
2022-12-08 11:27:36,203 [INFO] ThirdParty:981 - CMSIS Pack Vendor :STMicroelectronics FP-ATR-SIGFOX1 3.2.0
2022-12-08 11:27:36,203 [INFO] ThirdParty:981 - CMSIS Pack Vendor :STMicroelectronics X-CUBE-AZRTOS-L4 1.0.0
2022-12-08 11:27:36,203 [INFO] ThirdParty:981 - CMSIS Pack Vendor :wolfSSL I-CUBE-wolfSSL 5.5.1
2022-12-08 11:27:36,203 [INFO] ThirdParty:981 - CMSIS Pack Vendor :STMicroelectronics HAL Drivers 0.0.0
2022-12-08 11:27:36,203 [INFO] ThirdParty:981 - CMSIS Pack Vendor :STMicroelectronics MBEDTLS 2.16.2
2022-12-08 11:27:36,203 [INFO] ThirdParty:981 - CMSIS Pack Vendor :emotas I-CUBE-CANOPEN 1.1.2
2022-12-08 11:27:36,203 [INFO] ThirdParty:981 - CMSIS Pack Vendor :STMicroelectronics X-CUBE-TOUCHGFX 4.20.0
2022-12-08 11:27:36,203 [INFO] ThirdParty:981 - CMSIS Pack Vendor :STMicroelectronics MBEDTLS 2.14.1
2022-12-08 11:27:36,203 [INFO] ThirdParty:981 - CMSIS Pack Vendor :STMicroelectronics X-CUBE-NFC7 1.0.0
2022-12-08 11:27:36,203 [INFO] ThirdParty:981 - CMSIS Pack Vendor :STMicroelectronics X-CUBE-AZRTOS-WL 1.0.0
2022-12-08 11:27:36,203 [INFO] ThirdParty:981 - CMSIS Pack Vendor :STMicroelectronics X-CUBE-MEMS1 9.3.0
2022-12-08 11:27:36,203 [INFO] ThirdParty:981 - CMSIS Pack Vendor :portGmbH I-Cube-SoM-uGOAL 1.1.0
2022-12-08 11:27:36,205 [INFO] ThirdParty:981 - CMSIS Pack Vendor :STMicroelectronics X-CUBE-ALS 1.0.1
2022-12-08 11:27:36,205 [INFO] ThirdParty:981 - CMSIS Pack Vendor :STMicroelectronics X-CUBE-AI 7.2.0
2022-12-08 11:27:36,205 [INFO] ThirdParty:981 - CMSIS Pack Vendor :STMicroelectronics ThreadX 1.0.0
2022-12-08 11:27:36,205 [INFO] ThirdParty:981 - CMSIS Pack Vendor :STMicroelectronics X-CUBE-AZRTOS-WB 1.1.0
2022-12-08 11:27:36,205 [INFO] ThirdParty:981 - CMSIS Pack Vendor :STMicroelectronics X-CUBE-AZRTOS-L5 1.0.0
2022-12-08 11:27:36,205 [INFO] ThirdParty:981 - CMSIS Pack Vendor :STMicroelectronics USB_DEVICE 1.0.0
2022-12-08 11:27:36,205 [INFO] ThirdParty:981 - CMSIS Pack Vendor :STMicroelectronics X-CUBE-EEPRMA1 3.1.1
2022-12-08 11:27:36,205 [INFO] ThirdParty:981 - CMSIS Pack Vendor :STMicroelectronics ThreadX 0.0.2
2022-12-08 11:27:36,205 [INFO] ThirdParty:981 - CMSIS Pack Vendor :STMicroelectronics lwIP 2.1.2
2022-12-08 11:27:36,205 [INFO] ThirdParty:981 - CMSIS Pack Vendor :STMicroelectronics X-CUBE-SFXS2LP1 4.0.0
2022-12-08 11:27:36,205 [INFO] ThirdParty:981 - CMSIS Pack Vendor :STMicroelectronics X-CUBE-BLE2 3.3.0
2022-12-08 11:27:36,205 [INFO] ThirdParty:981 - CMSIS Pack Vendor :STMicroelectronics X-CUBE-DISPLAY 2.2.0
2022-12-08 11:27:36,205 [INFO] ThirdParty:981 - CMSIS Pack Vendor :STMicroelectronics X-CUBE-TOF1 3.2.0
2022-12-08 11:27:36,205 [INFO] ThirdParty:981 - CMSIS Pack Vendor :STMicroelectronics PDM2PCM 3.2.0
2022-12-08 11:27:36,207 [INFO] ThirdParty:981 - CMSIS Pack Vendor :STMicroelectronics X-CUBE-ISPU 1.0.0
2022-12-08 11:27:36,207 [INFO] ThirdParty:797 - exiting critical section [change project]
2022-12-08 11:27:36,852 [INFO] PinOutPanel:1468 - setPackage(No Configuration,No Configuration)
2022-12-08 11:27:36,852 [INFO] PinOutPanel:1468 - setPackage(STM32L476RGTx,LQFP64)
2022-12-08 11:27:37,974 [INFO] UtilMem:74 - Before build in PCC Used Memory: 251651488 Bytes (387973120)
2022-12-08 11:27:39,175 [INFO] UtilMem:74 - After build in PCC Used Memory: 266224096 Bytes (387973120)
2022-12-08 11:27:39,233 [INFO] ApiDbMcu:505 - Load IP Config File for FATFS
2022-12-08 11:27:39,278 [INFO] ApiDbMcu:505 - Load IP Config File for FREERTOS
2022-12-08 11:27:39,309 [INFO] IPUIPlugin:79 - create IPUIPlugin
2022-12-08 11:27:39,309 [INFO] IPUIPlugin:79 - create IPUIPlugin
2022-12-08 11:27:39,309 [INFO] IPUIPlugin:79 - create IPUIPlugin
2022-12-08 11:27:39,309 [INFO] IPUIPlugin:79 - create IPUIPlugin
2022-12-08 11:27:39,309 [INFO] IPUIPlugin:79 - create IPUIPlugin
2022-12-08 11:27:39,309 [INFO] IPUIPlugin:79 - create IPUIPlugin
2022-12-08 11:27:39,309 [INFO] IPUIPlugin:79 - create IPUIPlugin
2022-12-08 11:27:39,309 [INFO] IPUIPlugin:79 - create IPUIPlugin
2022-12-08 11:27:39,325 [INFO] IPUIPlugin:79 - create IPUIPlugin
2022-12-08 11:27:39,325 [INFO] IPUIPlugin:79 - create IPUIPlugin
2022-12-08 11:27:39,325 [INFO] IPUIPlugin:79 - create IPUIPlugin
2022-12-08 11:27:39,325 [INFO] IPUIPlugin:79 - create IPUIPlugin
2022-12-08 11:27:39,325 [INFO] IPUIPlugin:79 - create IPUIPlugin
2022-12-08 11:27:39,325 [INFO] IPUIPlugin:79 - create IPUIPlugin
2022-12-08 11:27:39,325 [INFO] IPUIPlugin:79 - create IPUIPlugin
2022-12-08 11:27:39,325 [INFO] IPUIPlugin:79 - create IPUIPlugin
2022-12-08 11:27:39,325 [INFO] IPUIPlugin:79 - create IPUIPlugin
2022-12-08 11:27:39,325 [INFO] IPUIPlugin:79 - create IPUIPlugin
2022-12-08 11:27:39,325 [INFO] IPUIPlugin:79 - create IPUIPlugin
2022-12-08 11:27:39,325 [INFO] IPUIPlugin:79 - create IPUIPlugin
2022-12-08 11:27:39,325 [INFO] IPUIPlugin:79 - create IPUIPlugin
2022-12-08 11:27:39,325 [INFO] IPUIPlugin:79 - create IPUIPlugin
2022-12-08 11:27:39,325 [INFO] IPUIPlugin:79 - create IPUIPlugin
2022-12-08 11:27:39,325 [INFO] IPUIPlugin:79 - create IPUIPlugin
2022-12-08 11:27:39,325 [INFO] IPUIPlugin:79 - create IPUIPlugin
2022-12-08 11:27:39,325 [INFO] IPUIPlugin:79 - create IPUIPlugin
2022-12-08 11:27:39,325 [INFO] IPUIPlugin:79 - create IPUIPlugin
2022-12-08 11:27:39,325 [INFO] IPUIPlugin:79 - create IPUIPlugin
2022-12-08 11:27:39,325 [INFO] IPUIPlugin:79 - create IPUIPlugin
2022-12-08 11:27:39,325 [INFO] IPUIPlugin:79 - create IPUIPlugin
2022-12-08 11:27:39,325 [INFO] IPUIPlugin:79 - create IPUIPlugin
2022-12-08 11:27:39,325 [INFO] IPUIPlugin:79 - create IPUIPlugin
2022-12-08 11:27:39,325 [INFO] IPUIPlugin:79 - create IPUIPlugin
2022-12-08 11:27:39,340 [INFO] IPUIPlugin:79 - create IPUIPlugin
2022-12-08 11:27:39,340 [INFO] IPUIPlugin:79 - create IPUIPlugin
2022-12-08 11:27:39,340 [INFO] IPUIPlugin:79 - create IPUIPlugin
2022-12-08 11:27:39,340 [INFO] IPUIPlugin:79 - create IPUIPlugin
2022-12-08 11:27:39,340 [INFO] IPUIPlugin:79 - create IPUIPlugin
2022-12-08 11:27:39,340 [INFO] IPUIPlugin:79 - create IPUIPlugin
2022-12-08 11:27:39,340 [INFO] IPUIPlugin:79 - create IPUIPlugin
2022-12-08 11:27:39,340 [INFO] IPUIPlugin:79 - create IPUIPlugin
2022-12-08 11:27:39,340 [INFO] IPUIPlugin:79 - create IPUIPlugin
2022-12-08 11:27:39,340 [INFO] IPUIPlugin:79 - create IPUIPlugin
2022-12-08 11:27:39,340 [INFO] IPUIPlugin:79 - create IPUIPlugin
2022-12-08 11:27:39,340 [INFO] IPUIPlugin:79 - create IPUIPlugin
2022-12-08 11:27:39,340 [INFO] IPUIPlugin:79 - create IPUIPlugin
2022-12-08 11:27:39,340 [INFO] IPUIPlugin:79 - create IPUIPlugin
2022-12-08 11:27:39,340 [INFO] IPUIPlugin:79 - create IPUIPlugin
2022-12-08 11:27:39,340 [INFO] IPUIPlugin:79 - create IPUIPlugin
2022-12-08 11:27:39,340 [INFO] IPUIPlugin:79 - create IPUIPlugin
2022-12-08 11:27:39,340 [INFO] IPUIPlugin:79 - create IPUIPlugin
2022-12-08 11:27:39,340 [INFO] IPUIPlugin:79 - create IPUIPlugin
2022-12-08 11:27:39,340 [INFO] IPUIPlugin:79 - create IPUIPlugin
2022-12-08 11:27:39,340 [INFO] IPUIPlugin:79 - create IPUIPlugin
2022-12-08 11:27:39,340 [INFO] IPUIPlugin:79 - create IPUIPlugin
2022-12-08 11:27:39,340 [INFO] IPUIPlugin:79 - create IPUIPlugin
2022-12-08 11:27:39,340 [INFO] IPUIPlugin:79 - create IPUIPlugin
2022-12-08 11:27:39,356 [INFO] IPUIPlugin:79 - create IPUIPlugin
2022-12-08 11:27:39,356 [INFO] IPUIPlugin:79 - create IPUIPlugin
2022-12-08 11:27:39,421 [WARN] FreeRTOS:1004 - Null or empty value: should not occur! (nothing added to the table)
2022-12-08 11:27:39,652 [INFO] RtosManager:614 - Active RTOS found at IOC load: FREERTOS [Cortex-M4NS]
2022-12-08 11:27:39,729 [INFO] OpenFileManager:327 - Restore cursor
2022-12-08 11:27:46,825 [ERROR] RtosPanel:557 - Can not restore the selected Tab for FREERTOS(A reason can be that the tab is no more available.)
2022-12-08 11:28:02,437 [INFO] UtilMem:74 - End SaveConfig() Used Memory: 527111104 Bytes (596639744)
2022-12-08 11:28:04,106 [INFO] UtilMem:74 - End SaveConfig() Used Memory: 529943448 Bytes (596639744)
2022-12-08 11:28:05,428 [INFO] UtilMem:74 - End SaveConfig() Used Memory: 546577352 Bytes (596639744)
2022-12-08 11:28:07,823 [INFO] BlockDiagram:2753 - set Specific Code input for plugin: SPI
2022-12-08 11:28:07,823 [INFO] BlockDiagram:2753 - set Specific Code input for plugin: FREERTOS
2022-12-08 11:28:07,823 [INFO] BlockDiagram:2753 - set Specific Code input for plugin: TIM6_7L4
2022-12-08 11:28:07,823 [INFO] BlockDiagram:2753 - set Specific Code input for plugin: TIM6_7L4
2022-12-08 11:28:07,823 [INFO] BlockDiagram:2753 - set Specific Code input for plugin: TIM1_8L4
2022-12-08 11:28:07,823 [INFO] BlockDiagram:2753 - set Specific Code input for plugin: SYS
2022-12-08 11:28:07,823 [INFO] BlockDiagram:2753 - set Specific Code input for plugin: RCC
2022-12-08 11:28:07,823 [INFO] BlockDiagram:2753 - set Specific Code input for plugin: I2C
2022-12-08 11:28:07,823 [INFO] BlockDiagram:2753 - set Specific Code input for plugin: NVIC
2022-12-08 11:28:07,823 [INFO] BlockDiagram:2753 - set Specific Code input for plugin: USART
2022-12-08 11:28:07,824 [INFO] BlockDiagram:2753 - set Specific Code input for plugin: GPIO
2022-12-08 11:28:07,824 [INFO] BlockDiagram:2753 - set Specific Code input for plugin: FATFS
2022-12-08 11:28:07,826 [INFO] CodeGenerator:690 - code generatio: config db path: C:\ST\STM32CubeIDE_1.9.0\STM32CubeIDE\plugins\com.st.stm32cube.common.mx_6.6.1.202207061420\\db\
2022-12-08 11:28:08,300 [INFO] CodeEngine:245 - oldGeneratedFile, C:\Users\anana\Dropbox\PC\Documents\GitHub\TempratureMonitor\Embedded-Project\Project-Temprature\MXTmpFiles\license.tmp_save
2022-12-08 11:28:08,754 [INFO] CodeEngine:269 - Generated code: C:\Users\anana\Dropbox\PC\Documents\GitHub\TempratureMonitor\Embedded-Project\Project-Temprature\MXTmpFiles\license.tmp
2022-12-08 11:28:08,917 [INFO] CodeEngine:245 - oldGeneratedFile, C:\Users\anana\Dropbox\PC\Documents\GitHub\TempratureMonitor\Embedded-Project\Project-Temprature\MXTmpFiles\gpio.tmp_save
2022-12-08 11:28:09,109 [INFO] CodeEngine:269 - Generated code: C:\Users\anana\Dropbox\PC\Documents\GitHub\TempratureMonitor\Embedded-Project\Project-Temprature\MXTmpFiles\gpio.tmp
2022-12-08 11:28:10,157 [INFO] Middleware:1435 - No code input for Bsp Dependency
2022-12-08 11:28:10,173 [INFO] CodeEngine:245 - oldGeneratedFile, C:\Users\anana\Dropbox\PC\Documents\GitHub\TempratureMonitor\Embedded-Project\Project-Temprature\MXTmpFiles\rtos_inc.tmp_save
2022-12-08 11:28:10,266 [INFO] CodeEngine:269 - Generated code: C:\Users\anana\Dropbox\PC\Documents\GitHub\TempratureMonitor\Embedded-Project\Project-Temprature\MXTmpFiles\rtos_inc.tmp
2022-12-08 11:28:10,282 [INFO] CodeEngine:245 - oldGeneratedFile, C:\Users\anana\Dropbox\PC\Documents\GitHub\TempratureMonitor\Embedded-Project\Project-Temprature\MXTmpFiles\rtos_kernelInit.tmp_save
2022-12-08 11:28:10,408 [INFO] CodeEngine:269 - Generated code: C:\Users\anana\Dropbox\PC\Documents\GitHub\TempratureMonitor\Embedded-Project\Project-Temprature\MXTmpFiles\rtos_kernelInit.tmp
2022-12-08 11:28:10,414 [INFO] CodeEngine:245 - oldGeneratedFile, C:\Users\anana\Dropbox\PC\Documents\GitHub\TempratureMonitor\Embedded-Project\Project-Temprature\MXTmpFiles\rtos_kernelStart.tmp_save
2022-12-08 11:28:10,516 [INFO] CodeEngine:269 - Generated code: C:\Users\anana\Dropbox\PC\Documents\GitHub\TempratureMonitor\Embedded-Project\Project-Temprature\MXTmpFiles\rtos_kernelStart.tmp
2022-12-08 11:28:10,519 [INFO] CodeEngine:245 - oldGeneratedFile, C:\Users\anana\Dropbox\PC\Documents\GitHub\TempratureMonitor\Embedded-Project\Project-Temprature\MXTmpFiles\rtos_typedefs.tmp_save
2022-12-08 11:28:10,656 [INFO] CodeEngine:269 - Generated code: C:\Users\anana\Dropbox\PC\Documents\GitHub\TempratureMonitor\Embedded-Project\Project-Temprature\MXTmpFiles\rtos_typedefs.tmp
2022-12-08 11:28:10,664 [INFO] CodeEngine:245 - oldGeneratedFile, C:\Users\anana\Dropbox\PC\Documents\GitHub\TempratureMonitor\Embedded-Project\Project-Temprature\MXTmpFiles\rtos_vars.tmp_save
2022-12-08 11:28:10,759 [INFO] CodeEngine:269 - Generated code: C:\Users\anana\Dropbox\PC\Documents\GitHub\TempratureMonitor\Embedded-Project\Project-Temprature\MXTmpFiles\rtos_vars.tmp
2022-12-08 11:28:10,768 [INFO] CodeEngine:245 - oldGeneratedFile, C:\Users\anana\Dropbox\PC\Documents\GitHub\TempratureMonitor\Embedded-Project\Project-Temprature\MXTmpFiles\rtos_pfp.tmp_save
2022-12-08 11:28:10,841 [INFO] CodeEngine:269 - Generated code: C:\Users\anana\Dropbox\PC\Documents\GitHub\TempratureMonitor\Embedded-Project\Project-Temprature\MXTmpFiles\rtos_pfp.tmp
2022-12-08 11:28:10,845 [INFO] CodeEngine:245 - oldGeneratedFile, C:\Users\anana\Dropbox\PC\Documents\GitHub\TempratureMonitor\Embedded-Project\Project-Temprature\MXTmpFiles\rtos_obj_creat.tmp_save
2022-12-08 11:28:10,941 [INFO] CodeEngine:269 - Generated code: C:\Users\anana\Dropbox\PC\Documents\GitHub\TempratureMonitor\Embedded-Project\Project-Temprature\MXTmpFiles\rtos_obj_creat.tmp
2022-12-08 11:28:10,945 [INFO] CodeEngine:245 - oldGeneratedFile, C:\Users\anana\Dropbox\PC\Documents\GitHub\TempratureMonitor\Embedded-Project\Project-Temprature\MXTmpFiles\rtos_default_thread.tmp_save
2022-12-08 11:28:11,074 [INFO] CodeEngine:269 - Generated code: C:\Users\anana\Dropbox\PC\Documents\GitHub\TempratureMonitor\Embedded-Project\Project-Temprature\MXTmpFiles\rtos_default_thread.tmp
2022-12-08 11:28:11,074 [INFO] CodeEngine:245 - oldGeneratedFile, C:\Users\anana\Dropbox\PC\Documents\GitHub\TempratureMonitor\Embedded-Project\Project-Temprature\MXTmpFiles\rtos_threads.tmp_save
2022-12-08 11:28:11,161 [INFO] CodeEngine:269 - Generated code: C:\Users\anana\Dropbox\PC\Documents\GitHub\TempratureMonitor\Embedded-Project\Project-Temprature\MXTmpFiles\rtos_threads.tmp
2022-12-08 11:28:11,168 [INFO] Middleware:1435 - No code input for Bsp Dependency
2022-12-08 11:28:11,184 [INFO] CodeEngine:245 - oldGeneratedFile, C:\Users\anana\Dropbox\PC\Documents\GitHub\TempratureMonitor\Embedded-Project\Project-Temprature\MXTmpFiles\fatfs_HalInit.tmp_save
2022-12-08 11:28:11,266 [INFO] CodeEngine:269 - Generated code: C:\Users\anana\Dropbox\PC\Documents\GitHub\TempratureMonitor\Embedded-Project\Project-Temprature\MXTmpFiles\fatfs_HalInit.tmp
2022-12-08 11:28:11,270 [INFO] CodeEngine:245 - oldGeneratedFile, C:\Users\anana\Dropbox\PC\Documents\GitHub\TempratureMonitor\Embedded-Project\Project-Temprature\MXTmpFiles\fatfs_vars.tmp_save
2022-12-08 11:28:11,357 [INFO] CodeEngine:269 - Generated code: C:\Users\anana\Dropbox\PC\Documents\GitHub\TempratureMonitor\Embedded-Project\Project-Temprature\MXTmpFiles\fatfs_vars.tmp
2022-12-08 11:28:11,357 [INFO] CodeEngine:245 - oldGeneratedFile, C:\Users\anana\Dropbox\PC\Documents\GitHub\TempratureMonitor\Embedded-Project\Project-Temprature\MXTmpFiles\fatfs_ext_vars.tmp_save
2022-12-08 11:28:11,511 [INFO] CodeEngine:269 - Generated code: C:\Users\anana\Dropbox\PC\Documents\GitHub\TempratureMonitor\Embedded-Project\Project-Temprature\MXTmpFiles\fatfs_ext_vars.tmp
2022-12-08 11:28:11,514 [INFO] CodeEngine:245 - oldGeneratedFile, C:\Users\anana\Dropbox\PC\Documents\GitHub\TempratureMonitor\Embedded-Project\Project-Temprature\MXTmpFiles\fatfs_inc.tmp_save
2022-12-08 11:28:11,561 [INFO] CodeEngine:269 - Generated code: C:\Users\anana\Dropbox\PC\Documents\GitHub\TempratureMonitor\Embedded-Project\Project-Temprature\MXTmpFiles\fatfs_inc.tmp
2022-12-08 11:28:11,593 [INFO] Middleware:1435 - No code input for Bsp Dependency
2022-12-08 11:28:11,614 [INFO] CodeEngine:245 - oldGeneratedFile, C:\Users\anana\Dropbox\PC\Documents\GitHub\TempratureMonitor\Embedded-Project\Project-Temprature\MXTmpFiles\rtos_inc.tmp_save
2022-12-08 11:28:11,703 [INFO] CodeEngine:269 - Generated code: C:\Users\anana\Dropbox\PC\Documents\GitHub\TempratureMonitor\Embedded-Project\Project-Temprature\MXTmpFiles\rtos_inc.tmp
2022-12-08 11:28:11,719 [INFO] CodeEngine:245 - oldGeneratedFile, C:\Users\anana\Dropbox\PC\Documents\GitHub\TempratureMonitor\Embedded-Project\Project-Temprature\MXTmpFiles\rtos_kernelInit.tmp_save
2022-12-08 11:28:11,804 [INFO] CodeEngine:269 - Generated code: C:\Users\anana\Dropbox\PC\Documents\GitHub\TempratureMonitor\Embedded-Project\Project-Temprature\MXTmpFiles\rtos_kernelInit.tmp
2022-12-08 11:28:11,814 [INFO] CodeEngine:245 - oldGeneratedFile, C:\Users\anana\Dropbox\PC\Documents\GitHub\TempratureMonitor\Embedded-Project\Project-Temprature\MXTmpFiles\rtos_kernelStart.tmp_save
2022-12-08 11:28:11,881 [INFO] CodeEngine:269 - Generated code: C:\Users\anana\Dropbox\PC\Documents\GitHub\TempratureMonitor\Embedded-Project\Project-Temprature\MXTmpFiles\rtos_kernelStart.tmp
2022-12-08 11:28:11,888 [INFO] CodeEngine:245 - oldGeneratedFile, C:\Users\anana\Dropbox\PC\Documents\GitHub\TempratureMonitor\Embedded-Project\Project-Temprature\MXTmpFiles\rtos_typedefs.tmp_save
2022-12-08 11:28:11,953 [INFO] CodeEngine:269 - Generated code: C:\Users\anana\Dropbox\PC\Documents\GitHub\TempratureMonitor\Embedded-Project\Project-Temprature\MXTmpFiles\rtos_typedefs.tmp
2022-12-08 11:28:11,972 [INFO] CodeEngine:245 - oldGeneratedFile, C:\Users\anana\Dropbox\PC\Documents\GitHub\TempratureMonitor\Embedded-Project\Project-Temprature\MXTmpFiles\rtos_vars.tmp_save
2022-12-08 11:28:12,036 [INFO] CodeEngine:269 - Generated code: C:\Users\anana\Dropbox\PC\Documents\GitHub\TempratureMonitor\Embedded-Project\Project-Temprature\MXTmpFiles\rtos_vars.tmp
2022-12-08 11:28:12,044 [INFO] CodeEngine:245 - oldGeneratedFile, C:\Users\anana\Dropbox\PC\Documents\GitHub\TempratureMonitor\Embedded-Project\Project-Temprature\MXTmpFiles\rtos_pfp.tmp_save
2022-12-08 11:28:12,109 [INFO] CodeEngine:269 - Generated code: C:\Users\anana\Dropbox\PC\Documents\GitHub\TempratureMonitor\Embedded-Project\Project-Temprature\MXTmpFiles\rtos_pfp.tmp
2022-12-08 11:28:12,109 [INFO] CodeEngine:245 - oldGeneratedFile, C:\Users\anana\Dropbox\PC\Documents\GitHub\TempratureMonitor\Embedded-Project\Project-Temprature\MXTmpFiles\rtos_obj_creat.tmp_save
2022-12-08 11:28:12,175 [INFO] CodeEngine:269 - Generated code: C:\Users\anana\Dropbox\PC\Documents\GitHub\TempratureMonitor\Embedded-Project\Project-Temprature\MXTmpFiles\rtos_obj_creat.tmp
2022-12-08 11:28:12,183 [INFO] CodeEngine:245 - oldGeneratedFile, C:\Users\anana\Dropbox\PC\Documents\GitHub\TempratureMonitor\Embedded-Project\Project-Temprature\MXTmpFiles\rtos_default_thread.tmp_save
2022-12-08 11:28:12,236 [INFO] CodeEngine:269 - Generated code: C:\Users\anana\Dropbox\PC\Documents\GitHub\TempratureMonitor\Embedded-Project\Project-Temprature\MXTmpFiles\rtos_default_thread.tmp
2022-12-08 11:28:12,252 [INFO] CodeEngine:245 - oldGeneratedFile, C:\Users\anana\Dropbox\PC\Documents\GitHub\TempratureMonitor\Embedded-Project\Project-Temprature\MXTmpFiles\rtos_threads.tmp_save
2022-12-08 11:28:12,313 [INFO] CodeEngine:269 - Generated code: C:\Users\anana\Dropbox\PC\Documents\GitHub\TempratureMonitor\Embedded-Project\Project-Temprature\MXTmpFiles\rtos_threads.tmp
2022-12-08 11:28:12,322 [INFO] CodeEngine:245 - oldGeneratedFile, C:\Users\anana\Dropbox\PC\Documents\GitHub\TempratureMonitor\Embedded-Project\Project-Temprature\Core\Inc\FreeRTOSConfig.h_save
2022-12-08 11:28:12,429 [INFO] CodeEngine:269 - Generated code: C:\Users\anana\Dropbox\PC\Documents\GitHub\TempratureMonitor\Embedded-Project\Project-Temprature\Core\Inc\FreeRTOSConfig.h
2022-12-08 11:28:12,441 [INFO] CodeEngine:245 - oldGeneratedFile, C:\Users\anana\Dropbox\PC\Documents\GitHub\TempratureMonitor\Embedded-Project\Project-Temprature\Core\Src\freertos.c_save
2022-12-08 11:28:12,550 [INFO] CodeEngine:269 - Generated code: C:\Users\anana\Dropbox\PC\Documents\GitHub\TempratureMonitor\Embedded-Project\Project-Temprature\Core\Src\freertos.c
2022-12-08 11:28:12,566 [INFO] Middleware:1435 - No code input for Bsp Dependency
2022-12-08 11:28:12,581 [INFO] CodeEngine:245 - oldGeneratedFile, C:\Users\anana\Dropbox\PC\Documents\GitHub\TempratureMonitor\Embedded-Project\Project-Temprature\MXTmpFiles\fatfs_HalInit.tmp_save
2022-12-08 11:28:12,681 [INFO] CodeEngine:269 - Generated code: C:\Users\anana\Dropbox\PC\Documents\GitHub\TempratureMonitor\Embedded-Project\Project-Temprature\MXTmpFiles\fatfs_HalInit.tmp
2022-12-08 11:28:12,690 [INFO] CodeEngine:245 - oldGeneratedFile, C:\Users\anana\Dropbox\PC\Documents\GitHub\TempratureMonitor\Embedded-Project\Project-Temprature\MXTmpFiles\fatfs_vars.tmp_save
2022-12-08 11:28:12,793 [INFO] CodeEngine:269 - Generated code: C:\Users\anana\Dropbox\PC\Documents\GitHub\TempratureMonitor\Embedded-Project\Project-Temprature\MXTmpFiles\fatfs_vars.tmp
2022-12-08 11:28:12,801 [INFO] CodeEngine:245 - oldGeneratedFile, C:\Users\anana\Dropbox\PC\Documents\GitHub\TempratureMonitor\Embedded-Project\Project-Temprature\MXTmpFiles\fatfs_ext_vars.tmp_save
2022-12-08 11:28:12,868 [INFO] CodeEngine:269 - Generated code: C:\Users\anana\Dropbox\PC\Documents\GitHub\TempratureMonitor\Embedded-Project\Project-Temprature\MXTmpFiles\fatfs_ext_vars.tmp
2022-12-08 11:28:12,871 [INFO] CodeEngine:245 - oldGeneratedFile, C:\Users\anana\Dropbox\PC\Documents\GitHub\TempratureMonitor\Embedded-Project\Project-Temprature\MXTmpFiles\fatfs_inc.tmp_save
2022-12-08 11:28:12,975 [INFO] CodeEngine:269 - Generated code: C:\Users\anana\Dropbox\PC\Documents\GitHub\TempratureMonitor\Embedded-Project\Project-Temprature\MXTmpFiles\fatfs_inc.tmp
2022-12-08 11:28:12,983 [INFO] CodeEngine:245 - oldGeneratedFile, C:\Users\anana\Dropbox\PC\Documents\GitHub\TempratureMonitor\Embedded-Project\Project-Temprature\FATFS\Target\ffconf.h_save
2022-12-08 11:28:13,065 [INFO] CodeEngine:269 - Generated code: C:\Users\anana\Dropbox\PC\Documents\GitHub\TempratureMonitor\Embedded-Project\Project-Temprature\FATFS\Target\ffconf.h
2022-12-08 11:28:13,078 [INFO] CodeEngine:245 - oldGeneratedFile, C:\Users\anana\Dropbox\PC\Documents\GitHub\TempratureMonitor\Embedded-Project\Project-Temprature\FATFS\Target\user_diskio.c_save
2022-12-08 11:28:13,165 [INFO] CodeEngine:269 - Generated code: C:\Users\anana\Dropbox\PC\Documents\GitHub\TempratureMonitor\Embedded-Project\Project-Temprature\FATFS\Target\user_diskio.c
2022-12-08 11:28:13,177 [INFO] CodeEngine:245 - oldGeneratedFile, C:\Users\anana\Dropbox\PC\Documents\GitHub\TempratureMonitor\Embedded-Project\Project-Temprature\FATFS\Target\user_diskio.h_save
2022-12-08 11:28:13,251 [INFO] CodeEngine:269 - Generated code: C:\Users\anana\Dropbox\PC\Documents\GitHub\TempratureMonitor\Embedded-Project\Project-Temprature\FATFS\Target\user_diskio.h
2022-12-08 11:28:13,265 [INFO] CodeEngine:245 - oldGeneratedFile, C:\Users\anana\Dropbox\PC\Documents\GitHub\TempratureMonitor\Embedded-Project\Project-Temprature\FATFS\App\fatfs.c_save
2022-12-08 11:28:13,343 [INFO] CodeEngine:269 - Generated code: C:\Users\anana\Dropbox\PC\Documents\GitHub\TempratureMonitor\Embedded-Project\Project-Temprature\FATFS\App\fatfs.c
2022-12-08 11:28:13,351 [INFO] CodeEngine:245 - oldGeneratedFile, C:\Users\anana\Dropbox\PC\Documents\GitHub\TempratureMonitor\Embedded-Project\Project-Temprature\FATFS\App\fatfs.h_save
2022-12-08 11:28:13,415 [INFO] CodeEngine:269 - Generated code: C:\Users\anana\Dropbox\PC\Documents\GitHub\TempratureMonitor\Embedded-Project\Project-Temprature\FATFS\App\fatfs.h
2022-12-08 11:28:13,441 [INFO] CodeEngine:245 - oldGeneratedFile, C:\Users\anana\Dropbox\PC\Documents\GitHub\TempratureMonitor\Embedded-Project\Project-Temprature\Core\Src\stm32l4xx_it.c_save
2022-12-08 11:28:13,581 [INFO] CodeEngine:269 - Generated code: C:\Users\anana\Dropbox\PC\Documents\GitHub\TempratureMonitor\Embedded-Project\Project-Temprature\Core\Src\stm32l4xx_it.c
2022-12-08 11:28:13,583 [INFO] CodeEngine:245 - oldGeneratedFile, C:\Users\anana\Dropbox\PC\Documents\GitHub\TempratureMonitor\Embedded-Project\Project-Temprature\Core\Inc\stm32l4xx_it.h_save
2022-12-08 11:28:13,676 [INFO] CodeEngine:269 - Generated code: C:\Users\anana\Dropbox\PC\Documents\GitHub\TempratureMonitor\Embedded-Project\Project-Temprature\Core\Inc\stm32l4xx_it.h
2022-12-08 11:28:13,692 [INFO] CodeEngine:245 - oldGeneratedFile, C:\Users\anana\Dropbox\PC\Documents\GitHub\TempratureMonitor\Embedded-Project\Project-Temprature\Core\Src\stm32l4xx_hal_msp.c_save
2022-12-08 11:28:13,885 [INFO] CodeEngine:269 - Generated code: C:\Users\anana\Dropbox\PC\Documents\GitHub\TempratureMonitor\Embedded-Project\Project-Temprature\Core\Src\stm32l4xx_hal_msp.c
2022-12-08 11:28:13,890 [INFO] CodeEngine:245 - oldGeneratedFile, C:\Users\anana\Dropbox\PC\Documents\GitHub\TempratureMonitor\Embedded-Project\Project-Temprature\MXTmpFiles\system.tmp_save
2022-12-08 11:28:13,990 [INFO] CodeEngine:269 - Generated code: C:\Users\anana\Dropbox\PC\Documents\GitHub\TempratureMonitor\Embedded-Project\Project-Temprature\MXTmpFiles\system.tmp
2022-12-08 11:28:14,001 [INFO] CodeEngine:245 - oldGeneratedFile, C:\Users\anana\Dropbox\PC\Documents\GitHub\TempratureMonitor\Embedded-Project\Project-Temprature\Core\Inc\stm32l4xx_hal_conf.h_save
2022-12-08 11:28:14,240 [INFO] CodeEngine:269 - Generated code: C:\Users\anana\Dropbox\PC\Documents\GitHub\TempratureMonitor\Embedded-Project\Project-Temprature\Core\Inc\stm32l4xx_hal_conf.h
2022-12-08 11:28:14,300 [WARN] IPConfigManager:3348 - IP not found : TIM
2022-12-08 11:28:14,300 [WARN] CodeGenerator:3567 - IP not found : null
2022-12-08 11:28:14,314 [INFO] CodeEngine:245 - oldGeneratedFile, C:\Users\anana\Dropbox\PC\Documents\GitHub\TempratureMonitor\Embedded-Project\Project-Temprature\Core\Inc\main.h_save
2022-12-08 11:28:14,420 [INFO] CodeEngine:269 - Generated code: C:\Users\anana\Dropbox\PC\Documents\GitHub\TempratureMonitor\Embedded-Project\Project-Temprature\Core\Inc\main.h
2022-12-08 11:28:14,427 [INFO] CodeEngine:245 - oldGeneratedFile, C:\Users\anana\Dropbox\PC\Documents\GitHub\TempratureMonitor\Embedded-Project\Project-Temprature\Core\Src\main.c_save
2022-12-08 11:28:14,737 [INFO] CodeEngine:269 - Generated code: C:\Users\anana\Dropbox\PC\Documents\GitHub\TempratureMonitor\Embedded-Project\Project-Temprature\Core\Src\main.c
2022-12-08 11:28:15,882 [INFO] ProjectBuilder:2919 - Time for Copy HAL[1] : 365mS.
2022-12-08 11:28:15,913 [INFO] ProjectBuilder:4117 - Project Generator version: 3.17.1
2022-12-08 11:28:16,315 [INFO] ConfigFileManager:1394 - The Die is : DIE415
2022-12-08 11:28:16,324 [INFO] ApiDbMcu:505 - Load IP Config File for TOUCHSENSING
2022-12-08 11:28:16,339 [INFO] ApiDbMcu:505 - Load IP Config File for USB_DEVICE
2022-12-08 11:28:16,343 [INFO] ApiDbMcu:505 - Load IP Config File for USB_HOST
2022-12-08 11:28:18,276 [INFO] ProjectBuilder:4285 - Time for Generating toolchain IDE Files: 2363mS.
2022-12-08 11:28:18,276 [INFO] ProjectBuilder:2790 - Time for Copy CMSIS : 0mS.
2022-12-08 11:28:18,292 [INFO] ProjectBuilder:2790 - Time for Copy CMSIS : 0mS.
